0 info it worked if it ends with ok
1 verbose cli [ 'C:\\Program Files\\nodejs\\node.exe',
1 verbose cli   'C:\\Program Files\\nodejs\\node_modules\\npm\\bin\\npm-cli.js',
1 verbose cli   'install',
1 verbose cli   'now' ]
2 info using npm@3.10.10
3 info using node@v6.11.0
4 silly loadCurrentTree Starting
5 silly install loadCurrentTree
6 silly install readLocalPackageData
7 silly fetchPackageMetaData now
8 silly fetchNamedPackageData now
9 silly mapToRegistry name now
10 silly mapToRegistry using default registry
11 silly mapToRegistry registry https://registry.npmjs.org/
12 silly mapToRegistry data Result {
12 silly mapToRegistry   raw: 'now',
12 silly mapToRegistry   scope: null,
12 silly mapToRegistry   escapedName: 'now',
12 silly mapToRegistry   name: 'now',
12 silly mapToRegistry   rawSpec: '',
12 silly mapToRegistry   spec: 'latest',
12 silly mapToRegistry   type: 'tag' }
13 silly mapToRegistry uri https://registry.npmjs.org/now
14 verbose request uri https://registry.npmjs.org/now
15 verbose request no auth needed
16 info attempt registry request try #1 at 8:06:50 PM
17 verbose request id 70b9095d6f7af27d
18 verbose etag W/"c7fe67284c41db399a43995769e17e7b"
19 verbose lastModified Mon, 18 Feb 2019 15:55:33 GMT
20 http request GET https://registry.npmjs.org/now
21 http 304 https://registry.npmjs.org/now
22 verbose headers { date: 'Thu, 21 Feb 2019 03:06:52 GMT',
22 verbose headers   connection: 'keep-alive',
22 verbose headers   'set-cookie': [ '__cfduid=d55f47400c674064c46700d3a70dc2cd61550718412; expires=Fri, 21-Feb-20 03:06:52 GMT; path=/; domain=.registry.npmjs.org; HttpOnly' ],
22 verbose headers   'cf-cache-status': 'HIT',
22 verbose headers   'cache-control': 'max-age=300',
22 verbose headers   'cf-ray': '4ac5ffdbbab82a1f-SEA',
22 verbose headers   etag: '"c7fe67284c41db399a43995769e17e7b"',
22 verbose headers   'expect-ct': 'max-age=604800, report-uri="https://report-uri.cloudflare.com/cdn-cgi/beacon/expect-ct"',
22 verbose headers   'last-modified': 'Mon, 18 Feb 2019 15:55:33 GMT',
22 verbose headers   vary: 'accept-encoding, accept',
22 verbose headers   'x-amz-meta-rev': '763-c64540d7b795f89cbb156dec4c914c47',
22 verbose headers   server: 'cloudflare' }
23 silly get cb [ 304,
23 silly get   { date: 'Thu, 21 Feb 2019 03:06:52 GMT',
23 silly get     connection: 'keep-alive',
23 silly get     'set-cookie': [ '__cfduid=d55f47400c674064c46700d3a70dc2cd61550718412; expires=Fri, 21-Feb-20 03:06:52 GMT; path=/; domain=.registry.npmjs.org; HttpOnly' ],
23 silly get     'cf-cache-status': 'HIT',
23 silly get     'cache-control': 'max-age=300',
23 silly get     'cf-ray': '4ac5ffdbbab82a1f-SEA',
23 silly get     etag: '"c7fe67284c41db399a43995769e17e7b"',
23 silly get     'expect-ct': 'max-age=604800, report-uri="https://report-uri.cloudflare.com/cdn-cgi/beacon/expect-ct"',
23 silly get     'last-modified': 'Mon, 18 Feb 2019 15:55:33 GMT',
23 silly get     vary: 'accept-encoding, accept',
23 silly get     'x-amz-meta-rev': '763-c64540d7b795f89cbb156dec4c914c47',
23 silly get     server: 'cloudflare' } ]
24 verbose etag https://registry.npmjs.org/now from cache
25 verbose get saving now to C:\Users\Shane\AppData\Roaming\npm-cache\registry.npmjs.org\now\.cache.json
26 verbose correctMkdir C:\Users\Shane\AppData\Roaming\npm-cache correctMkdir not in flight; initializing
27 silly install normalizeTree
28 silly loadCurrentTree Finishing
29 silly loadIdealTree Starting
30 silly install loadIdealTree
31 silly cloneCurrentTree Starting
32 silly install cloneCurrentTreeToIdealTree
33 silly cloneCurrentTree Finishing
34 silly loadShrinkwrap Starting
35 silly install loadShrinkwrap
36 silly loadShrinkwrap Finishing
37 silly loadAllDepsIntoIdealTree Starting
38 silly install loadAllDepsIntoIdealTree
39 silly resolveWithNewModule now@14.0.0 checking installable status
40 silly cache add args [ 'now', null ]
41 verbose cache add spec now
42 silly cache add parsed spec Result {
42 silly cache add   raw: 'now',
42 silly cache add   scope: null,
42 silly cache add   escapedName: 'now',
42 silly cache add   name: 'now',
42 silly cache add   rawSpec: '',
42 silly cache add   spec: 'latest',
42 silly cache add   type: 'tag' }
43 silly addNamed now@latest
44 verbose addNamed "latest" is being treated as a dist-tag for now
45 info addNameTag [ 'now', 'latest' ]
46 silly mapToRegistry name now
47 silly mapToRegistry using default registry
48 silly mapToRegistry registry https://registry.npmjs.org/
49 silly mapToRegistry data Result {
49 silly mapToRegistry   raw: 'now',
49 silly mapToRegistry   scope: null,
49 silly mapToRegistry   escapedName: 'now',
49 silly mapToRegistry   name: 'now',
49 silly mapToRegistry   rawSpec: '',
49 silly mapToRegistry   spec: 'latest',
49 silly mapToRegistry   type: 'tag' }
50 silly mapToRegistry uri https://registry.npmjs.org/now
51 verbose addNameTag registry:https://registry.npmjs.org/now not in flight; fetching
52 verbose get https://registry.npmjs.org/now not expired, no request
53 silly addNameTag next cb for now with tag latest
54 silly addNamed now@14.0.0
55 verbose addNamed "14.0.0" is a plain semver version for now
56 silly cache afterAdd now@14.0.0
57 verbose afterAdd C:\Users\Shane\AppData\Roaming\npm-cache\now\14.0.0\package\package.json not in flight; writing
58 verbose correctMkdir C:\Users\Shane\AppData\Roaming\npm-cache correctMkdir not in flight; initializing
59 verbose afterAdd C:\Users\Shane\AppData\Roaming\npm-cache\now\14.0.0\package\package.json written
60 silly loadAllDepsIntoIdealTree Finishing
61 silly loadIdealTree Finishing
62 silly currentTree personalwebsiteV2
63 silly idealTree personalwebsiteV2
63 silly idealTree `-- now@14.0.0
64 silly generateActionsToTake Starting
65 silly install generateActionsToTake
66 silly generateActionsToTake Finishing
67 silly diffTrees action count 1
68 silly diffTrees add now@14.0.0
69 silly decomposeActions action count 8
70 silly decomposeActions fetch now@14.0.0
71 silly decomposeActions extract now@14.0.0
72 silly decomposeActions test now@14.0.0
73 silly decomposeActions preinstall now@14.0.0
74 silly decomposeActions build now@14.0.0
75 silly decomposeActions install now@14.0.0
76 silly decomposeActions postinstall now@14.0.0
77 silly decomposeActions finalize now@14.0.0
78 silly runTopLevelLifecycles Starting
79 silly executeActions Starting
80 silly install executeActions
81 silly doSerial global-install 0
82 silly doParallel fetch 1
83 verbose correctMkdir C:\Users\Shane\AppData\Roaming\npm-cache\_locks correctMkdir not in flight; initializing
84 verbose lock using C:\Users\Shane\AppData\Roaming\npm-cache\_locks\staging-0cdc2ba7198fa27f.lock for C:\Projects\personalwebsiteV2\node_modules\.staging
85 silly doParallel extract 1
86 silly extract now@14.0.0
87 verbose unbuild node_modules\.staging\now-df71ac84
88 silly gentlyRm C:\Projects\personalwebsiteV2\node_modules\.staging\now-df71ac84 is being purged from base C:\Projects\personalwebsiteV2
89 verbose gentlyRm don't care about contents; nuking C:\Projects\personalwebsiteV2\node_modules\.staging\now-df71ac84
90 verbose tar unpack C:\Users\Shane\AppData\Roaming\npm-cache\now\14.0.0\package.tgz
91 verbose tar unpacking to C:\Projects\personalwebsiteV2\node_modules\.staging\now-df71ac84
92 silly gentlyRm C:\Projects\personalwebsiteV2\node_modules\.staging\now-df71ac84 is being purged
93 verbose gentlyRm don't care about contents; nuking C:\Projects\personalwebsiteV2\node_modules\.staging\now-df71ac84
94 silly gunzTarPerm modes [ '777', '666' ]
95 silly gunzTarPerm extractEntry package.json
96 silly gunzTarPerm modified mode [ 'package.json', 420, 438 ]
97 silly gunzTarPerm extractEntry LICENSE
98 silly gunzTarPerm modified mode [ 'LICENSE', 420, 438 ]
99 silly gunzTarPerm extractEntry README.md
100 silly gunzTarPerm modified mode [ 'README.md', 420, 438 ]
101 silly gunzTarPerm extractEntry download/dist/index.js
102 silly gunzTarPerm modified mode [ 'download/dist/index.js', 420, 438 ]
103 silly gunzTarPerm extractEntry download/dist/now
104 silly gunzTarPerm modified mode [ 'download/dist/now', 420, 438 ]
105 silly gunzTarPerm extractEntry download/install.js
106 silly gunzTarPerm modified mode [ 'download/install.js', 420, 438 ]
107 silly gentlyRm C:\Projects\personalwebsiteV2\node_modules\.staging\now-df71ac84\node_modules is being purged
108 verbose gentlyRm don't care about contents; nuking C:\Projects\personalwebsiteV2\node_modules\.staging\now-df71ac84\node_modules
109 silly doParallel preinstall 1
110 silly preinstall now@14.0.0 C:\Projects\personalwebsiteV2\node_modules\.staging\now-df71ac84
111 info lifecycle now@14.0.0~preinstall: now@14.0.0
112 silly lifecycle now@14.0.0~preinstall: no script for preinstall, continuing
113 silly doReverseSerial remove 0
114 silly doSerial move 0
115 silly doSerial finalize 1
116 silly finalize C:\Projects\personalwebsiteV2\node_modules\now
117 silly doSerial build 1
118 silly build now@14.0.0
119 info linkStuff now@14.0.0
120 silly linkStuff now@14.0.0 has C:\Projects\personalwebsiteV2\node_modules as its parent node_modules
121 verbose linkBins now@14.0.0
122 verbose link bins [ { now: 'download/dist/now' },
122 verbose link bins   'C:\\Projects\\personalwebsiteV2\\node_modules\\.bin',
122 verbose link bins   false ]
123 verbose linkMans now@14.0.0
124 silly doSerial global-link 0
125 silly doParallel update-linked 0
126 silly doSerial install 1
127 silly install now@14.0.0 C:\Projects\personalwebsiteV2\node_modules\.staging\now-df71ac84
128 info lifecycle now@14.0.0~install: now@14.0.0
129 silly lifecycle now@14.0.0~install: no script for install, continuing
130 silly doSerial postinstall 1
131 silly postinstall now@14.0.0 C:\Projects\personalwebsiteV2\node_modules\.staging\now-df71ac84
132 info lifecycle now@14.0.0~postinstall: now@14.0.0
133 verbose lifecycle now@14.0.0~postinstall: unsafe-perm in lifecycle true
134 verbose lifecycle now@14.0.0~postinstall: PATH: C:\Program Files\nodejs\node_modules\npm\bin\node-gyp-bin;C:\Projects\personalwebsiteV2\node_modules\now\node_modules\.bin;C:\Projects\personalwebsiteV2\node_modules\.bin;C:\Users\Shane\bin;C:\Program Files\Git\mingw64\bin;C:\Program Files\Git\usr\local\bin;C:\Program Files\Git\usr\bin;C:\Program Files\Git\usr\bin;C:\Program Files\Git\mingw64\bin;C:\Program Files\Git\usr\bin;C:\Users\Shane\bin;C:\Program Files (x86)\Intel\iCLS Client;C:\Program Files\Intel\iCLS Client;C:\WINDOWS\system32;C:\WINDOWS;C:\WINDOWS\System32\Wbem;C:\WINDOWS\System32\WindowsPowerShell\v1.0;C:\Program Files (x86)\Intel\Intel(R) Management Engine Components\DAL;C:\Program Files\Intel\Intel(R) Management Engine Components\DAL;C:\Program Files (x86)\Intel\Intel(R) Management Engine Components\IPT;C:\Program Files\Intel\Intel(R) Management Engine Components\IPT;C:\Program Files\nodejs;C:\WINDOWS\System32\OpenSSH;C:\Program Files (x86)\Microsoft VS Code\bin;C:\Program Files\Git\cmd;C:\Users\Shane\AppData\Local\Microsoft\WindowsApps;C:\Users\Shane\AppData\Local\atom\bin;C:\Users\Shane\AppData\Roaming\npm;C:\Users\Shane\AppData\Local\Microsoft\WindowsApps;C:\Users\Shane\AppData\Local\GitHubDesktop\bin;C:\Program Files\Git\usr\bin\vendor_perl;C:\Program Files\Git\usr\bin\core_perl
135 verbose lifecycle now@14.0.0~postinstall: CWD: C:\Projects\personalwebsiteV2\node_modules\now
136 silly lifecycle now@14.0.0~postinstall: Args: [ '/d /s /c', 'node download/install.js' ]
137 silly lifecycle now@14.0.0~postinstall: Returned: code: 1  signal: null
138 info lifecycle now@14.0.0~postinstall: Failed to exec postinstall script
139 verbose unlock done using C:\Users\Shane\AppData\Roaming\npm-cache\_locks\staging-0cdc2ba7198fa27f.lock for C:\Projects\personalwebsiteV2\node_modules\.staging
140 silly rollbackFailedOptional Starting
141 silly rollbackFailedOptional Finishing
142 silly runTopLevelLifecycles Finishing
143 silly install printInstalled
144 warn enoent ENOENT: no such file or directory, open 'C:\Projects\personalwebsiteV2\package.json'
145 verbose enoent ENOENT: no such file or directory, open 'C:\Projects\personalwebsiteV2\package.json'
145 verbose enoent This is most likely not a problem with npm itself
145 verbose enoent and is related to npm not being able to find a file.
146 warn personalwebsiteV2 No description
147 verbose If you need help, you may report this error at:
147 verbose     <https://github.com/npm/npm/issues>
148 warn personalwebsiteV2 No repository field.
149 verbose If you need help, you may report this error at:
149 verbose     <https://github.com/npm/npm/issues>
150 warn personalwebsiteV2 No README data
151 verbose If you need help, you may report this error at:
151 verbose     <https://github.com/npm/npm/issues>
152 warn personalwebsiteV2 No license field.
153 verbose If you need help, you may report this error at:
153 verbose     <https://github.com/npm/npm/issues>
154 verbose stack Error: now@14.0.0 postinstall: `node download/install.js`
154 verbose stack Exit status 1
154 verbose stack     at EventEmitter.<anonymous> (C:\Program Files\nodejs\node_modules\npm\lib\utils\lifecycle.js:255:16)
154 verbose stack     at emitTwo (events.js:106:13)
154 verbose stack     at EventEmitter.emit (events.js:191:7)
154 verbose stack     at ChildProcess.<anonymous> (C:\Program Files\nodejs\node_modules\npm\lib\utils\spawn.js:40:14)
154 verbose stack     at emitTwo (events.js:106:13)
154 verbose stack     at ChildProcess.emit (events.js:191:7)
154 verbose stack     at maybeClose (internal/child_process.js:891:16)
154 verbose stack     at Process.ChildProcess._handle.onexit (internal/child_process.js:226:5)
155 verbose pkgid now@14.0.0
156 verbose cwd C:\Projects\personalwebsiteV2
157 error Windows_NT 10.0.17134
158 error argv "C:\\Program Files\\nodejs\\node.exe" "C:\\Program Files\\nodejs\\node_modules\\npm\\bin\\npm-cli.js" "install" "now"
159 error node v6.11.0
160 error npm  v3.10.10
161 error code ELIFECYCLE
162 error now@14.0.0 postinstall: `node download/install.js`
162 error Exit status 1
163 error Failed at the now@14.0.0 postinstall script 'node download/install.js'.
163 error Make sure you have the latest version of node.js and npm installed.
163 error If you do, this is most likely a problem with the now package,
163 error not with npm itself.
163 error Tell the author that this fails on your system:
163 error     node download/install.js
163 error You can get information on how to open an issue for this project with:
163 error     npm bugs now
163 error Or if that isn't available, you can get their info via:
163 error     npm owner ls now
163 error There is likely additional logging output above.
164 verbose exit [ 1, true ]
